<?xml version="1.0" encoding="UTF-8"?>
<testsuite name="SampleTest" tests="1" skipped="0" failures="0" errors="0" timestamp="2021-02-17T16:30:58" hostname="DESKTOP-LHGN82G" time="0.024">
  <properties/>
  <testcase name="test()" classname="SampleTest" time="0.024"/>
  <system-out><![CDATA[]]></system-out>
  <system-err><![CDATA[]]></system-err>
</testsuite>
